{"/Users/nattapon/Projects/stalk/stalk-node-server/app/Const.js": {"path":"/Users/nattapon/Projects/stalk/stalk-node-server/app/Const.js","statementMap":{"0":{"start":{"line":2,"column":0},"end":{"line":2,"column":62}},"1":{"start":{"line":3,"column":0},"end":{"line":3,"column":40}},"2":{"start":{"line":4,"column":0},"end":{"line":4,"column":32}},"3":{"start":{"line":5,"column":0},"end":{"line":5,"column":30}},"4":{"start":{"line":6,"column":0},"end":{"line":6,"column":34}}},"fnMap":{},"branchMap":{},"s":{"0":1,"1":1,"2":1,"3":1,"4":1},"f":{},"b":{},"_coverageSchema":"332fd63041d2c1bcb487cc26dd0d5f7d97098a6c","hash":"bcb01b68a67c2957552bb454a7479b14729a497d"}
,"/Users/nattapon/Projects/stalk/stalk-node-server/app/DbClient.js": {"path":"/Users/nattapon/Projects/stalk/stalk-node-server/app/DbClient.js","statementMap":{"0":{"start":{"line":2,"column":16},"end":{"line":9,"column":1}},"1":{"start":{"line":3,"column":4},"end":{"line":8,"column":7}},"2":{"start":{"line":4,"column":36},"end":{"line":4,"column":97}},"3":{"start":{"line":4,"column":42},"end":{"line":4,"column":70}},"4":{"start":{"line":4,"column":85},"end":{"line":4,"column":95}},"5":{"start":{"line":5,"column":35},"end":{"line":5,"column":100}},"6":{"start":{"line":5,"column":41},"end":{"line":5,"column":73}},"7":{"start":{"line":5,"column":88},"end":{"line":5,"column":98}},"8":{"start":{"line":6,"column":32},"end":{"line":6,"column":149}},"9":{"start":{"line":6,"column":97},"end":{"line":6,"column":119}},"10":{"start":{"line":7,"column":8},"end":{"line":7,"column":78}},"11":{"start":{"line":10,"column":0},"end":{"line":10,"column":62}},"12":{"start":{"line":11,"column":16},"end":{"line":11,"column":34}},"13":{"start":{"line":12,"column":20},"end":{"line":12,"column":39}},"14":{"start":{"line":13,"column":17},"end":{"line":13,"column":44}},"15":{"start":{"line":14,"column":12},"end":{"line":14,"column":21}},"16":{"start":{"line":15,"column":0},"end":{"line":17,"column":2}},"17":{"start":{"line":16,"column":4},"end":{"line":16,"column":17}},"18":{"start":{"line":18,"column":0},"end":{"line":45,"column":3}},"19":{"start":{"line":18,"column":45},"end":{"line":45,"column":2}},"20":{"start":{"line":19,"column":4},"end":{"line":44,"column":5}},"21":{"start":{"line":20,"column":20},"end":{"line":24,"column":9}},"22":{"start":{"line":25,"column":23},"end":{"line":25,"column":82}},"23":{"start":{"line":26,"column":8},"end":{"line":26,"column":34}},"24":{"start":{"line":27,"column":8},"end":{"line":29,"column":11}},"25":{"start":{"line":28,"column":12},"end":{"line":28,"column":40}},"26":{"start":{"line":30,"column":8},"end":{"line":32,"column":11}},"27":{"start":{"line":31,"column":12},"end":{"line":31,"column":40}},"28":{"start":{"line":33,"column":8},"end":{"line":35,"column":11}},"29":{"start":{"line":34,"column":12},"end":{"line":34,"column":42}},"30":{"start":{"line":36,"column":8},"end":{"line":38,"column":11}},"31":{"start":{"line":37,"column":12},"end":{"line":37,"column":45}},"32":{"start":{"line":39,"column":8},"end":{"line":39,"column":38}},"33":{"start":{"line":42,"column":8},"end":{"line":42,"column":39}},"34":{"start":{"line":43,"column":8},"end":{"line":43,"column":42}}},"fnMap":{"0":{"name":"(anonymous_0)","decl":{"start":{"line":2,"column":44},"end":{"line":2,"column":45}},"loc":{"start":{"line":2,"column":89},"end":{"line":9,"column":1}},"line":2},"1":{"name":"(anonymous_1)","decl":{"start":{"line":3,"column":36},"end":{"line":3,"column":37}},"loc":{"start":{"line":3,"column":63},"end":{"line":8,"column":5}},"line":3},"2":{"name":"fulfilled","decl":{"start":{"line":4,"column":17},"end":{"line":4,"column":26}},"loc":{"start":{"line":4,"column":34},"end":{"line":4,"column":99}},"line":4},"3":{"name":"rejected","decl":{"start":{"line":5,"column":17},"end":{"line":5,"column":25}},"loc":{"start":{"line":5,"column":33},"end":{"line":5,"column":102}},"line":5},"4":{"name":"step","decl":{"start":{"line":6,"column":17},"end":{"line":6,"column":21}},"loc":{"start":{"line":6,"column":30},"end":{"line":6,"column":151}},"line":6},"5":{"name":"(anonymous_5)","decl":{"start":{"line":6,"column":76},"end":{"line":6,"column":77}},"loc":{"start":{"line":6,"column":95},"end":{"line":6,"column":121}},"line":6},"6":{"name":"(anonymous_6)","decl":{"start":{"line":15,"column":19},"end":{"line":15,"column":20}},"loc":{"start":{"line":15,"column":25},"end":{"line":17,"column":1}},"line":15},"7":{"name":"(anonymous_7)","decl":{"start":{"line":18,"column":33},"end":{"line":18,"column":34}},"loc":{"start":{"line":18,"column":45},"end":{"line":45,"column":2}},"line":18},"8":{"name":"(anonymous_8)","decl":{"start":{"line":18,"column":77},"end":{"line":18,"column":78}},"loc":{"start":{"line":18,"column":90},"end":{"line":45,"column":1}},"line":18},"9":{"name":"(anonymous_9)","decl":{"start":{"line":27,"column":26},"end":{"line":27,"column":27}},"loc":{"start":{"line":27,"column":35},"end":{"line":29,"column":9}},"line":27},"10":{"name":"(anonymous_10)","decl":{"start":{"line":30,"column":26},"end":{"line":30,"column":27}},"loc":{"start":{"line":30,"column":35},"end":{"line":32,"column":9}},"line":30},"11":{"name":"(anonymous_11)","decl":{"start":{"line":33,"column":28},"end":{"line":33,"column":29}},"loc":{"start":{"line":33,"column":37},"end":{"line":35,"column":9}},"line":33},"12":{"name":"(anonymous_12)","decl":{"start":{"line":36,"column":30},"end":{"line":36,"column":31}},"loc":{"start":{"line":36,"column":42},"end":{"line":38,"column":9}},"line":36}},"branchMap":{"0":{"loc":{"start":{"line":2,"column":16},"end":{"line":9,"column":1}},"type":"binary-expr","locations":[{"start":{"line":2,"column":17},"end":{"line":2,"column":21}},{"start":{"line":2,"column":25},"end":{"line":2,"column":39}},{"start":{"line":2,"column":44},"end":{"line":9,"column":1}}],"line":2},"1":{"loc":{"start":{"line":3,"column":16},"end":{"line":3,"column":34}},"type":"binary-expr","locations":[{"start":{"line":3,"column":16},"end":{"line":3,"column":17}},{"start":{"line":3,"column":22},"end":{"line":3,"column":33}}],"line":3},"2":{"loc":{"start":{"line":6,"column":32},"end":{"line":6,"column":148}},"type":"cond-expr","locations":[{"start":{"line":6,"column":46},"end":{"line":6,"column":67}},{"start":{"line":6,"column":70},"end":{"line":6,"column":148}}],"line":6},"3":{"loc":{"start":{"line":7,"column":51},"end":{"line":7,"column":67}},"type":"binary-expr","locations":[{"start":{"line":7,"column":51},"end":{"line":7,"column":61}},{"start":{"line":7,"column":65},"end":{"line":7,"column":67}}],"line":7}},"s":{"0":1,"1":1,"2":0,"3":0,"4":0,"5":1,"6":1,"7":0,"8":2,"9":1,"10":1,"11":1,"12":1,"13":1,"14":1,"15":1,"16":1,"17":0,"18":1,"19":1,"20":1,"21":1,"22":1,"23":0,"24":0,"25":0,"26":0,"27":0,"28":0,"29":0,"30":0,"31":0,"32":0,"33":1,"34":1},"f":{"0":1,"1":1,"2":0,"3":1,"4":2,"5":1,"6":0,"7":1,"8":1,"9":0,"10":0,"11":0,"12":0},"b":{"0":[1,1,1],"1":[1,1],"2":[1,1],"3":[1,1]},"_coverageSchema":"332fd63041d2c1bcb487cc26dd0d5f7d97098a6c","hash":"4b9e29a0658205d7f751bb2187ea2f103e2a6a95"}
,"/Users/nattapon/Projects/stalk/stalk-node-server/app/services/tokenService.js": {"path":"/Users/nattapon/Projects/stalk/stalk-node-server/app/services/tokenService.js","statementMap":{"0":{"start":{"line":2,"column":0},"end":{"line":2,"column":62}},"1":{"start":{"line":3,"column":12},"end":{"line":3,"column":35}},"2":{"start":{"line":4,"column":17},"end":{"line":4,"column":47}},"3":{"start":{"line":8,"column":8},"end":{"line":8,"column":25}},"4":{"start":{"line":9,"column":8},"end":{"line":9,"column":53}},"5":{"start":{"line":10,"column":8},"end":{"line":10,"column":53}},"6":{"start":{"line":13,"column":8},"end":{"line":13,"column":77}},"7":{"start":{"line":20,"column":8},"end":{"line":36,"column":9}},"8":{"start":{"line":22,"column":12},"end":{"line":30,"column":15}},"9":{"start":{"line":23,"column":16},"end":{"line":29,"column":17}},"10":{"start":{"line":24,"column":20},"end":{"line":24,"column":45}},"11":{"start":{"line":28,"column":20},"end":{"line":28,"column":72}},"12":{"start":{"line":35,"column":12},"end":{"line":35,"column":73}},"13":{"start":{"line":39,"column":0},"end":{"line":39,"column":31}}},"fnMap":{"0":{"name":"(anonymous_0)","decl":{"start":{"line":7,"column":4},"end":{"line":7,"column":5}},"loc":{"start":{"line":7,"column":18},"end":{"line":11,"column":5}},"line":7},"1":{"name":"(anonymous_1)","decl":{"start":{"line":12,"column":4},"end":{"line":12,"column":5}},"loc":{"start":{"line":12,"column":33},"end":{"line":14,"column":5}},"line":12},"2":{"name":"(anonymous_2)","decl":{"start":{"line":18,"column":4},"end":{"line":18,"column":5}},"loc":{"start":{"line":18,"column":38},"end":{"line":37,"column":5}},"line":18},"3":{"name":"(anonymous_3)","decl":{"start":{"line":22,"column":43},"end":{"line":22,"column":44}},"loc":{"start":{"line":22,"column":67},"end":{"line":30,"column":13}},"line":22}},"branchMap":{"0":{"loc":{"start":{"line":20,"column":8},"end":{"line":36,"column":9}},"type":"if","locations":[{"start":{"line":20,"column":8},"end":{"line":36,"column":9}},{"start":{"line":20,"column":8},"end":{"line":36,"column":9}}],"line":20},"1":{"loc":{"start":{"line":23,"column":16},"end":{"line":29,"column":17}},"type":"if","locations":[{"start":{"line":23,"column":16},"end":{"line":29,"column":17}},{"start":{"line":23,"column":16},"end":{"line":29,"column":17}}],"line":23}},"s":{"0":1,"1":1,"2":1,"3":1,"4":1,"5":1,"6":3,"7":2,"8":2,"9":2,"10":1,"11":1,"12":0,"13":1},"f":{"0":1,"1":3,"2":2,"3":2},"b":{"0":[2,0],"1":[1,1]},"_coverageSchema":"332fd63041d2c1bcb487cc26dd0d5f7d97098a6c","hash":"06b94edc242da50ee8cab4b0ac3caf1a0ad806b8"}
,"/Users/nattapon/Projects/stalk/stalk-node-server/app/utils/ChannelHelper.js": {"path":"/Users/nattapon/Projects/stalk/stalk-node-server/app/utils/ChannelHelper.js","statementMap":{"0":{"start":{"line":2,"column":0},"end":{"line":2,"column":62}},"1":{"start":{"line":4,"column":21},"end":{"line":4,"column":23}},"2":{"start":{"line":5,"column":4},"end":{"line":7,"column":7}},"3":{"start":{"line":6,"column":8},"end":{"line":6,"column":53}},"4":{"start":{"line":8,"column":4},"end":{"line":8,"column":22}},"5":{"start":{"line":10,"column":0},"end":{"line":10,"column":38}},"6":{"start":{"line":12,"column":4},"end":{"line":12,"column":55}},"7":{"start":{"line":12,"column":38},"end":{"line":12,"column":53}},"8":{"start":{"line":14,"column":0},"end":{"line":14,"column":34}},"9":{"start":{"line":15,"column":0},"end":{"line":15,"column":32}}},"fnMap":{"0":{"name":"getUsersGroup","decl":{"start":{"line":3,"column":9},"end":{"line":3,"column":22}},"loc":{"start":{"line":3,"column":30},"end":{"line":9,"column":1}},"line":3},"1":{"name":"(anonymous_1)","decl":{"start":{"line":5,"column":27},"end":{"line":5,"column":28}},"loc":{"start":{"line":5,"column":35},"end":{"line":7,"column":5}},"line":5},"2":{"name":"withoutUser","decl":{"start":{"line":11,"column":9},"end":{"line":11,"column":20}},"loc":{"start":{"line":11,"column":39},"end":{"line":13,"column":1}},"line":11},"3":{"name":"(anonymous_3)","decl":{"start":{"line":12,"column":30},"end":{"line":12,"column":31}},"loc":{"start":{"line":12,"column":38},"end":{"line":12,"column":53}},"line":12}},"branchMap":{},"s":{"0":2,"1":2,"2":2,"3":1,"4":2,"5":2,"6":1,"7":1,"8":2,"9":2},"f":{"0":2,"1":1,"2":1,"3":1},"b":{},"_coverageSchema":"332fd63041d2c1bcb487cc26dd0d5f7d97098a6c","hash":"d3f1bf8ac718fc4e71841955efa1ead9b46d55fa"}
,"/Users/nattapon/Projects/stalk/stalk-node-server/app/utils/PushMessage.js": {"path":"/Users/nattapon/Projects/stalk/stalk-node-server/app/utils/PushMessage.js","statementMap":{"0":{"start":{"line":2,"column":16},"end":{"line":9,"column":1}},"1":{"start":{"line":3,"column":4},"end":{"line":8,"column":7}},"2":{"start":{"line":4,"column":36},"end":{"line":4,"column":97}},"3":{"start":{"line":4,"column":42},"end":{"line":4,"column":70}},"4":{"start":{"line":4,"column":85},"end":{"line":4,"column":95}},"5":{"start":{"line":5,"column":35},"end":{"line":5,"column":100}},"6":{"start":{"line":5,"column":41},"end":{"line":5,"column":73}},"7":{"start":{"line":5,"column":88},"end":{"line":5,"column":98}},"8":{"start":{"line":6,"column":32},"end":{"line":6,"column":149}},"9":{"start":{"line":6,"column":97},"end":{"line":6,"column":119}},"10":{"start":{"line":7,"column":8},"end":{"line":7,"column":78}},"11":{"start":{"line":10,"column":0},"end":{"line":10,"column":62}},"12":{"start":{"line":11,"column":14},"end":{"line":11,"column":30}},"13":{"start":{"line":12,"column":15},"end":{"line":12,"column":43}},"14":{"start":{"line":13,"column":16},"end":{"line":13,"column":35}},"15":{"start":{"line":14,"column":24},"end":{"line":14,"column":57}},"16":{"start":{"line":16,"column":4},"end":{"line":62,"column":7}},"17":{"start":{"line":16,"column":31},"end":{"line":62,"column":6}},"18":{"start":{"line":18,"column":8},"end":{"line":61,"column":9}},"19":{"start":{"line":19,"column":24},"end":{"line":22,"column":13}},"20":{"start":{"line":23,"column":31},"end":{"line":23,"column":103}},"21":{"start":{"line":24,"column":23},"end":{"line":24,"column":66}},"22":{"start":{"line":25,"column":12},"end":{"line":25,"column":35}},"23":{"start":{"line":28,"column":13},"end":{"line":61,"column":9}},"24":{"start":{"line":29,"column":35},"end":{"line":44,"column":14}},"25":{"start":{"line":30,"column":36},"end":{"line":30,"column":47}},"26":{"start":{"line":31,"column":37},"end":{"line":31,"column":48}},"27":{"start":{"line":32,"column":16},"end":{"line":43,"column":19}},"28":{"start":{"line":33,"column":20},"end":{"line":39,"column":23}},"29":{"start":{"line":34,"column":24},"end":{"line":34,"column":49}},"30":{"start":{"line":35,"column":24},"end":{"line":35,"column":56}},"31":{"start":{"line":37,"column":24},"end":{"line":37,"column":50}},"32":{"start":{"line":38,"column":24},"end":{"line":38,"column":56}},"33":{"start":{"line":41,"column":20},"end":{"line":41,"column":141}},"34":{"start":{"line":42,"column":20},"end":{"line":42,"column":82}},"35":{"start":{"line":45,"column":42},"end":{"line":45,"column":62}},"36":{"start":{"line":47,"column":24},"end":{"line":50,"column":13}},"37":{"start":{"line":52,"column":23},"end":{"line":54,"column":14}},"38":{"start":{"line":53,"column":16},"end":{"line":53,"column":59}},"39":{"start":{"line":56,"column":12},"end":{"line":59,"column":13}},"40":{"start":{"line":58,"column":16},"end":{"line":58,"column":98}},"41":{"start":{"line":60,"column":12},"end":{"line":60,"column":35}},"42":{"start":{"line":64,"column":0},"end":{"line":64,"column":34}}},"fnMap":{"0":{"name":"(anonymous_0)","decl":{"start":{"line":2,"column":44},"end":{"line":2,"column":45}},"loc":{"start":{"line":2,"column":89},"end":{"line":9,"column":1}},"line":2},"1":{"name":"(anonymous_1)","decl":{"start":{"line":3,"column":36},"end":{"line":3,"column":37}},"loc":{"start":{"line":3,"column":63},"end":{"line":8,"column":5}},"line":3},"2":{"name":"fulfilled","decl":{"start":{"line":4,"column":17},"end":{"line":4,"column":26}},"loc":{"start":{"line":4,"column":34},"end":{"line":4,"column":99}},"line":4},"3":{"name":"rejected","decl":{"start":{"line":5,"column":17},"end":{"line":5,"column":25}},"loc":{"start":{"line":5,"column":33},"end":{"line":5,"column":102}},"line":5},"4":{"name":"step","decl":{"start":{"line":6,"column":17},"end":{"line":6,"column":21}},"loc":{"start":{"line":6,"column":30},"end":{"line":6,"column":151}},"line":6},"5":{"name":"(anonymous_5)","decl":{"start":{"line":6,"column":76},"end":{"line":6,"column":77}},"loc":{"start":{"line":6,"column":95},"end":{"line":6,"column":121}},"line":6},"6":{"name":"pushMessage","decl":{"start":{"line":15,"column":9},"end":{"line":15,"column":20}},"loc":{"start":{"line":15,"column":41},"end":{"line":63,"column":1}},"line":15},"7":{"name":"(anonymous_7)","decl":{"start":{"line":16,"column":11},"end":{"line":16,"column":12}},"loc":{"start":{"line":16,"column":31},"end":{"line":62,"column":6}},"line":16},"8":{"name":"(anonymous_8)","decl":{"start":{"line":16,"column":63},"end":{"line":16,"column":64}},"loc":{"start":{"line":16,"column":76},"end":{"line":62,"column":5}},"line":16},"9":{"name":"(anonymous_9)","decl":{"start":{"line":29,"column":47},"end":{"line":29,"column":48}},"loc":{"start":{"line":29,"column":68},"end":{"line":44,"column":13}},"line":29},"10":{"name":"(anonymous_10)","decl":{"start":{"line":32,"column":40},"end":{"line":32,"column":41}},"loc":{"start":{"line":32,"column":66},"end":{"line":40,"column":17}},"line":32},"11":{"name":"(anonymous_11)","decl":{"start":{"line":33,"column":60},"end":{"line":33,"column":61}},"loc":{"start":{"line":33,"column":70},"end":{"line":36,"column":21}},"line":33},"12":{"name":"(anonymous_12)","decl":{"start":{"line":36,"column":29},"end":{"line":36,"column":30}},"loc":{"start":{"line":36,"column":36},"end":{"line":39,"column":21}},"line":36},"13":{"name":"(anonymous_13)","decl":{"start":{"line":40,"column":19},"end":{"line":40,"column":20}},"loc":{"start":{"line":40,"column":37},"end":{"line":43,"column":17}},"line":40},"14":{"name":"(anonymous_14)","decl":{"start":{"line":52,"column":35},"end":{"line":52,"column":36}},"loc":{"start":{"line":52,"column":42},"end":{"line":54,"column":13}},"line":52}},"branchMap":{"0":{"loc":{"start":{"line":2,"column":16},"end":{"line":9,"column":1}},"type":"binary-expr","locations":[{"start":{"line":2,"column":17},"end":{"line":2,"column":21}},{"start":{"line":2,"column":25},"end":{"line":2,"column":39}},{"start":{"line":2,"column":44},"end":{"line":9,"column":1}}],"line":2},"1":{"loc":{"start":{"line":3,"column":16},"end":{"line":3,"column":34}},"type":"binary-expr","locations":[{"start":{"line":3,"column":16},"end":{"line":3,"column":17}},{"start":{"line":3,"column":22},"end":{"line":3,"column":33}}],"line":3},"2":{"loc":{"start":{"line":6,"column":32},"end":{"line":6,"column":148}},"type":"cond-expr","locations":[{"start":{"line":6,"column":46},"end":{"line":6,"column":67}},{"start":{"line":6,"column":70},"end":{"line":6,"column":148}}],"line":6},"3":{"loc":{"start":{"line":7,"column":51},"end":{"line":7,"column":67}},"type":"binary-expr","locations":[{"start":{"line":7,"column":51},"end":{"line":7,"column":61}},{"start":{"line":7,"column":65},"end":{"line":7,"column":67}}],"line":7},"4":{"loc":{"start":{"line":18,"column":8},"end":{"line":61,"column":9}},"type":"if","locations":[{"start":{"line":18,"column":8},"end":{"line":61,"column":9}},{"start":{"line":18,"column":8},"end":{"line":61,"column":9}}],"line":18},"5":{"loc":{"start":{"line":28,"column":13},"end":{"line":61,"column":9}},"type":"if","locations":[{"start":{"line":28,"column":13},"end":{"line":61,"column":9}},{"start":{"line":28,"column":13},"end":{"line":61,"column":9}}],"line":28},"6":{"loc":{"start":{"line":56,"column":12},"end":{"line":59,"column":13}},"type":"if","locations":[{"start":{"line":56,"column":12},"end":{"line":59,"column":13}},{"start":{"line":56,"column":12},"end":{"line":59,"column":13}}],"line":56},"7":{"loc":{"start":{"line":56,"column":16},"end":{"line":56,"column":49}},"type":"binary-expr","locations":[{"start":{"line":56,"column":16},"end":{"line":56,"column":26}},{"start":{"line":56,"column":30},"end":{"line":56,"column":49}}],"line":56}},"s":{"0":1,"1":0,"2":0,"3":0,"4":0,"5":0,"6":0,"7":0,"8":0,"9":0,"10":0,"11":1,"12":1,"13":1,"14":1,"15":1,"16":1,"17":0,"18":0,"19":0,"20":0,"21":0,"22":0,"23":0,"24":0,"25":0,"26":0,"27":0,"28":0,"29":0,"30":0,"31":0,"32":0,"33":0,"34":0,"35":0,"36":0,"37":0,"38":0,"39":0,"40":0,"41":0,"42":1},"f":{"0":0,"1":0,"2":0,"3":0,"4":0,"5":0,"6":1,"7":0,"8":0,"9":0,"10":0,"11":0,"12":0,"13":0,"14":0},"b":{"0":[1,1,1],"1":[0,0],"2":[0,0],"3":[0,0],"4":[0,0],"5":[0,0],"6":[0,0],"7":[0,0]},"_coverageSchema":"332fd63041d2c1bcb487cc26dd0d5f7d97098a6c","hash":"afcaa2df671f1e8853fe2e8b9462e1c8476081c0"}
,"/Users/nattapon/Projects/stalk/stalk-node-server/config/config.js": {"path":"/Users/nattapon/Projects/stalk/stalk-node-server/config/config.js","statementMap":{"0":{"start":{"line":2,"column":0},"end":{"line":2,"column":62}},"1":{"start":{"line":3,"column":17},"end":{"line":3,"column":43}},"2":{"start":{"line":4,"column":15},"end":{"line":4,"column":38}},"3":{"start":{"line":5,"column":16},"end":{"line":5,"column":44}},"4":{"start":{"line":6,"column":18},"end":{"line":6,"column":47}},"5":{"start":{"line":7,"column":14},"end":{"line":7,"column":23}},"6":{"start":{"line":8,"column":0},"end":{"line":13,"column":3}},"7":{"start":{"line":14,"column":0},"end":{"line":19,"column":3}},"8":{"start":{"line":20,"column":0},"end":{"line":25,"column":3}},"9":{"start":{"line":26,"column":0},"end":{"line":31,"column":3}},"10":{"start":{"line":32,"column":0},"end":{"line":37,"column":3}},"11":{"start":{"line":38,"column":0},"end":{"line":43,"column":3}},"12":{"start":{"line":44,"column":19},"end":{"line":46,"column":1}},"13":{"start":{"line":45,"column":4},"end":{"line":45,"column":29}},"14":{"start":{"line":47,"column":18},"end":{"line":70,"column":1}},"15":{"start":{"line":74,"column":4},"end":{"line":74,"column":21}},"16":{"start":{"line":77,"column":20},"end":{"line":77,"column":38}},"17":{"start":{"line":78,"column":4},"end":{"line":78,"column":19}},"18":{"start":{"line":80,"column":0},"end":{"line":80,"column":32}},"19":{"start":{"line":82,"column":4},"end":{"line":82,"column":28}},"20":{"start":{"line":84,"column":0},"end":{"line":84,"column":26}},"21":{"start":{"line":85,"column":0},"end":{"line":85,"column":29}},"22":{"start":{"line":86,"column":0},"end":{"line":89,"column":2}}},"fnMap":{"0":{"name":"(anonymous_0)","decl":{"start":{"line":44,"column":19},"end":{"line":44,"column":20}},"loc":{"start":{"line":44,"column":31},"end":{"line":46,"column":1}},"line":44},"1":{"name":"getConfig","decl":{"start":{"line":71,"column":9},"end":{"line":71,"column":18}},"loc":{"start":{"line":71,"column":21},"end":{"line":75,"column":1}},"line":71},"2":{"name":"getWebhook","decl":{"start":{"line":76,"column":9},"end":{"line":76,"column":19}},"loc":{"start":{"line":76,"column":44},"end":{"line":79,"column":1}},"line":76},"3":{"name":"appInfo","decl":{"start":{"line":81,"column":9},"end":{"line":81,"column":16}},"loc":{"start":{"line":81,"column":24},"end":{"line":83,"column":1}},"line":81}},"branchMap":{"0":{"loc":{"start":{"line":76,"column":20},"end":{"line":76,"column":42}},"type":"default-arg","locations":[{"start":{"line":76,"column":29},"end":{"line":76,"column":42}}],"line":76}},"s":{"0":2,"1":2,"2":2,"3":2,"4":2,"5":2,"6":2,"7":2,"8":2,"9":2,"10":2,"11":2,"12":2,"13":0,"14":2,"15":2,"16":0,"17":0,"18":2,"19":0,"20":2,"21":2,"22":2},"f":{"0":0,"1":2,"2":0,"3":0},"b":{"0":[0]},"_coverageSchema":"332fd63041d2c1bcb487cc26dd0d5f7d97098a6c","hash":"abad0fc10089c62cb6cf42242b7796d11a948d94"}
,"/Users/nattapon/Projects/stalk/stalk-node-server/shared/Code.js": {"path":"/Users/nattapon/Projects/stalk/stalk-node-server/shared/Code.js","statementMap":{"0":{"start":{"line":2,"column":0},"end":{"line":2,"column":62}},"1":{"start":{"line":5,"column":8},"end":{"line":9,"column":10}},"2":{"start":{"line":10,"column":8},"end":{"line":12,"column":10}},"3":{"start":{"line":15,"column":0},"end":{"line":15,"column":14}},"4":{"start":{"line":16,"column":0},"end":{"line":16,"column":26}},"5":{"start":{"line":17,"column":0},"end":{"line":17,"column":16}},"6":{"start":{"line":18,"column":0},"end":{"line":18,"column":28}},"7":{"start":{"line":19,"column":0},"end":{"line":24,"column":2}},"8":{"start":{"line":25,"column":0},"end":{"line":55,"column":2}},"9":{"start":{"line":56,"column":0},"end":{"line":58,"column":2}},"10":{"start":{"line":59,"column":0},"end":{"line":59,"column":23}}},"fnMap":{"0":{"name":"(anonymous_0)","decl":{"start":{"line":4,"column":4},"end":{"line":4,"column":5}},"loc":{"start":{"line":4,"column":18},"end":{"line":13,"column":5}},"line":4}},"branchMap":{},"s":{"0":1,"1":0,"2":0,"3":1,"4":1,"5":1,"6":1,"7":1,"8":1,"9":1,"10":1},"f":{"0":0},"b":{},"_coverageSchema":"332fd63041d2c1bcb487cc26dd0d5f7d97098a6c","hash":"1d4468a08ba3c2aaa11fdebbf8eb964f79d9b8d8"}
}
