TN:
SF:/Users/nattapon/Projects/stalk/stalk-node-server/app/Const.js
FNF:0
FNH:0
DA:2,1
DA:3,1
DA:4,1
DA:5,1
DA:6,1
LF:5
LH:5
BRF:0
BRH:0
end_of_record
TN:
SF:/Users/nattapon/Projects/stalk/stalk-node-server/app/DbClient.js
FN:2,(anonymous_0)
FN:3,(anonymous_1)
FN:4,fulfilled
FN:5,rejected
FN:6,step
FN:6,(anonymous_5)
FN:15,(anonymous_6)
FN:18,(anonymous_7)
FN:18,(anonymous_8)
FN:27,(anonymous_9)
FN:30,(anonymous_10)
FN:33,(anonymous_11)
FN:36,(anonymous_12)
FNF:13
FNH:7
FNDA:1,(anonymous_0)
FNDA:1,(anonymous_1)
FNDA:0,fulfilled
FNDA:1,rejected
FNDA:2,step
FNDA:1,(anonymous_5)
FNDA:0,(anonymous_6)
FNDA:1,(anonymous_7)
FNDA:1,(anonymous_8)
FNDA:0,(anonymous_9)
FNDA:0,(anonymous_10)
FNDA:0,(anonymous_11)
FNDA:0,(anonymous_12)
DA:2,1
DA:3,1
DA:4,0
DA:5,1
DA:6,2
DA:7,1
DA:10,1
DA:11,1
DA:12,1
DA:13,1
DA:14,1
DA:15,1
DA:16,0
DA:18,1
DA:19,1
DA:20,1
DA:25,1
DA:26,0
DA:27,0
DA:28,0
DA:30,0
DA:31,0
DA:33,0
DA:34,0
DA:36,0
DA:37,0
DA:39,0
DA:42,1
DA:43,1
LF:29
LH:17
BRDA:2,0,0,1
BRDA:2,0,1,1
BRDA:2,0,2,1
BRDA:3,1,0,1
BRDA:3,1,1,1
BRDA:6,2,0,1
BRDA:6,2,1,1
BRDA:7,3,0,1
BRDA:7,3,1,1
BRF:9
BRH:9
end_of_record
TN:
SF:/Users/nattapon/Projects/stalk/stalk-node-server/app/services/tokenService.js
FN:7,(anonymous_0)
FN:12,(anonymous_1)
FN:18,(anonymous_2)
FN:22,(anonymous_3)
FNF:4
FNH:4
FNDA:1,(anonymous_0)
FNDA:3,(anonymous_1)
FNDA:2,(anonymous_2)
FNDA:2,(anonymous_3)
DA:2,1
DA:3,1
DA:4,1
DA:8,1
DA:9,1
DA:10,1
DA:13,3
DA:20,2
DA:22,2
DA:23,2
DA:24,1
DA:28,1
DA:35,0
DA:39,1
LF:14
LH:13
BRDA:20,0,0,2
BRDA:20,0,1,0
BRDA:23,1,0,1
BRDA:23,1,1,1
BRF:4
BRH:3
end_of_record
TN:
SF:/Users/nattapon/Projects/stalk/stalk-node-server/app/utils/ChannelHelper.js
FN:3,getUsersGroup
FN:5,(anonymous_1)
FN:11,withoutUser
FN:12,(anonymous_3)
FNF:4
FNH:4
FNDA:2,getUsersGroup
FNDA:1,(anonymous_1)
FNDA:1,withoutUser
FNDA:1,(anonymous_3)
DA:2,2
DA:4,2
DA:5,2
DA:6,1
DA:8,2
DA:10,2
DA:12,1
DA:14,2
DA:15,2
LF:9
LH:9
BRF:0
BRH:0
end_of_record
TN:
SF:/Users/nattapon/Projects/stalk/stalk-node-server/app/utils/PushMessage.js
FN:2,(anonymous_0)
FN:3,(anonymous_1)
FN:4,fulfilled
FN:5,rejected
FN:6,step
FN:6,(anonymous_5)
FN:15,pushMessage
FN:16,(anonymous_7)
FN:16,(anonymous_8)
FN:29,(anonymous_9)
FN:32,(anonymous_10)
FN:33,(anonymous_11)
FN:36,(anonymous_12)
FN:40,(anonymous_13)
FN:52,(anonymous_14)
FNF:15
FNH:1
FNDA:0,(anonymous_0)
FNDA:0,(anonymous_1)
FNDA:0,fulfilled
FNDA:0,rejected
FNDA:0,step
FNDA:0,(anonymous_5)
FNDA:1,pushMessage
FNDA:0,(anonymous_7)
FNDA:0,(anonymous_8)
FNDA:0,(anonymous_9)
FNDA:0,(anonymous_10)
FNDA:0,(anonymous_11)
FNDA:0,(anonymous_12)
FNDA:0,(anonymous_13)
FNDA:0,(anonymous_14)
DA:2,1
DA:3,0
DA:4,0
DA:5,0
DA:6,0
DA:7,0
DA:10,1
DA:11,1
DA:12,1
DA:13,1
DA:14,1
DA:16,1
DA:18,0
DA:19,0
DA:23,0
DA:24,0
DA:25,0
DA:28,0
DA:29,0
DA:30,0
DA:31,0
DA:32,0
DA:33,0
DA:34,0
DA:35,0
DA:37,0
DA:38,0
DA:41,0
DA:42,0
DA:45,0
DA:47,0
DA:52,0
DA:53,0
DA:56,0
DA:58,0
DA:60,0
DA:64,1
LF:37
LH:8
BRDA:2,0,0,1
BRDA:2,0,1,1
BRDA:2,0,2,1
BRDA:3,1,0,0
BRDA:3,1,1,0
BRDA:6,2,0,0
BRDA:6,2,1,0
BRDA:7,3,0,0
BRDA:7,3,1,0
BRDA:18,4,0,0
BRDA:18,4,1,0
BRDA:28,5,0,0
BRDA:28,5,1,0
BRDA:56,6,0,0
BRDA:56,6,1,0
BRDA:56,7,0,0
BRDA:56,7,1,0
BRF:17
BRH:3
end_of_record
TN:
SF:/Users/nattapon/Projects/stalk/stalk-node-server/config/config.js
FN:44,(anonymous_0)
FN:71,getConfig
FN:76,getWebhook
FN:81,appInfo
FNF:4
FNH:1
FNDA:0,(anonymous_0)
FNDA:2,getConfig
FNDA:0,getWebhook
FNDA:0,appInfo
DA:2,2
DA:3,2
DA:4,2
DA:5,2
DA:6,2
DA:7,2
DA:8,2
DA:14,2
DA:20,2
DA:26,2
DA:32,2
DA:38,2
DA:44,2
DA:45,0
DA:47,2
DA:74,2
DA:77,0
DA:78,0
DA:80,2
DA:82,0
DA:84,2
DA:85,2
DA:86,2
LF:23
LH:19
BRDA:76,0,0,0
BRF:1
BRH:0
end_of_record
TN:
SF:/Users/nattapon/Projects/stalk/stalk-node-server/shared/Code.js
FN:4,(anonymous_0)
FNF:1
FNH:0
FNDA:0,(anonymous_0)
DA:2,1
DA:5,0
DA:10,0
DA:15,1
DA:16,1
DA:17,1
DA:18,1
DA:19,1
DA:25,1
DA:56,1
DA:59,1
LF:11
LH:9
BRF:0
BRH:0
end_of_record
